<?xml version="1.0" encoding="UTF-8"?>
<!-- Generated by org.testng.reporters.JUnitReportReporter -->
<testsuite hostname="CBT-077" name="com.quickride.scripts.NewUserRegTest" tests="1" failures="0" timestamp="16 Feb 2016 07:01:54 GMT" time="63.456" errors="0">
  <testcase name="testNewUserSignUP" time="63.456" classname="com.quickride.scripts.NewUserRegTest"/>
</testsuite> <!-- com.quickride.scripts.NewUserRegTest -->
