<?xml version="1.0" encoding="UTF-8"?>
<!-- Generated by org.testng.reporters.JUnitReportReporter -->
<testsuite hostname="CBT-077" name="com.quickride.scripts.RideViewTest" tests="1" failures="0" timestamp="10 Feb 2016 08:37:58 GMT" time="322.753" errors="0">
  <testcase name="testpassengercancelRide" time="322.753" classname="com.quickride.scripts.RideViewTest"/>
</testsuite> <!-- com.quickride.scripts.RideViewTest -->
