<?xml version="1.0" encoding="UTF-8"?>
<!-- Generated by org.testng.reporters.JUnitReportReporter -->
<testsuite hostname="CBT-076" name="com.quickride.baselib.GnericLib" tests="1" failures="0" timestamp="6 Oct 2015 07:56:04 GMT" time="0.023" errors="0">
  <testcase name="toSignUp" time="0.023" classname="com.quickride.baselib.GnericLib"/>
</testsuite> <!-- com.quickride.baselib.GnericLib -->
