<?xml version="1.0" encoding="UTF-8"?>
<!-- Generated by org.testng.reporters.JUnitReportReporter -->
<testsuite hostname="CBT-077" name="com.quickride.scripts.RideScheduleTest" tests="1" failures="0" timestamp="16 Mar 2016 05:01:07 GMT" time="230.951" errors="0">
  <testcase name="testRiderInvitePassenger" time="230.951" classname="com.quickride.scripts.RideScheduleTest"/>
</testsuite> <!-- com.quickride.scripts.RideScheduleTest -->
