<?xml version="1.0" encoding="UTF-8"?>
<!-- Generated by org.testng.reporters.JUnitReportReporter -->
<testsuite hostname="CBT-076" name="com.quickride.baselib.QRBaseLib" tests="1" failures="0" timestamp="6 Oct 2015 09:47:27 GMT" time="14.393" errors="0">
  <testcase name="testset" time="14.393" classname="com.quickride.baselib.QRBaseLib"/>
</testsuite> <!-- com.quickride.baselib.QRBaseLib -->
