<?xml version="1.0" encoding="UTF-8"?>
<!-- Generated by org.testng.reporters.JUnitReportReporter -->
<testsuite hostname="CBT-077" name="com.quickride.scripts.RechargeEncashTest" tests="6" failures="0" timestamp="10 Feb 2016 09:53:05 GMT" time="1767.163" errors="0">
  <testcase name="testEncashAmountShareLater" time="67.637" classname="com.quickride.scripts.RechargeEncashTest"/>
  <testcase name="testBillingZeroPricing" time="648.812" classname="com.quickride.scripts.RechargeEncashTest"/>
  <testcase name="testRecharge" time="95.036" classname="com.quickride.scripts.RechargeEncashTest"/>
  <testcase name="testBillingCustomisedPricing" time="624.153" classname="com.quickride.scripts.RechargeEncashTest"/>
  <testcase name="testEncashAmountShare" time="67.957" classname="com.quickride.scripts.RechargeEncashTest"/>
  <testcase name="testRechargeJoinRide" time="263.568" classname="com.quickride.scripts.RechargeEncashTest"/>
</testsuite> <!-- com.quickride.scripts.RechargeEncashTest -->
