<?xml version="1.0" encoding="UTF-8"?>
<!-- Generated by org.testng.reporters.JUnitReportReporter -->
<testsuite hostname="CBT-076" name="com.quickride.scripts.SupGuestTest" tests="1" failures="0" timestamp="16 Oct 2015 09:10:08 GMT" time="65.108" errors="0">
  <testcase name="testSupGuest_01" time="65.108" classname="com.quickride.scripts.SupGuestTest"/>
</testsuite> <!-- com.quickride.scripts.SupGuestTest -->
